Global Init:139622080333696
Create Thread:139622080333696
Set Server:139622080333696
Set Path:139622080333696
Set Port:139622080333696
Set Write Func:139622080333696
Set Write Arg:139622080333696
Perform:139622080333696
Get Status:139622080333696
Get Status:139622080333696
Global Cleanup:139622080333696
Global Init:140196463413120
Create Thread:140196463413120
Set Server:140196463413120
Set Path:140196463413120
Set Port:140196463413120
Set Write Func:140196463413120
Set Write Arg:140196463413120
Perform:140196463413120
Get Status:140196463413120
Get Status:140196463413120
Global Cleanup:140196463413120
Global Init:140138835158912
Create Thread:140138835158912
Set Server:140138835158912
Set Path:140138835158912
Set Port:140138835158912
Set Write Func:140138835158912
Set Write Arg:140138835158912
Perform:140138835158912
Get Status:140138835158912
Get Status:140138835158912
Global Cleanup:140138835158912
Global Init:139690785306496
Create Thread:139690785306496
Set Server:139690785306496
Set Path:139690785306496
Set Port:139690785306496
Set Write Func:139690785306496
Set Write Arg:139690785306496
Perform:139690785306496
Get Status:139690785306496
Get Status:139690785306496
Global Cleanup:139690785306496
Global Init:139914444330880
Create Thread:139914444330880
Set Server:139914444330880
Set Path:139914444330880
Set Port:139914444330880
Set Write Func:139914444330880
Set Write Arg:139914444330880
Perform:139914444330880
Get Status:139914444330880
Get Status:139914444330880
Global Cleanup:139914444330880
Global Init:140718232004480
Create Thread:140718232004480
Set Server:140718232004480
Set Path:140718232004480
Set Port:140718232004480
Set Write Func:140718232004480
Set Write Arg:140718232004480
Perform:140718232004480
Global Init:140302687881088
Global Init:140737350117248
Global Init:140737350117248
Global Init:140737350117248
Global Init:139939731351424
Global Init:140737350117248
Global Init:140737350117248
Global Init:140405543745408
Create Thread:140405487171328
Set Server:140405487171328
Set Path:140405487171328
Set Port:140405487171328
Set Write Func:140405487171328
Set Write Arg:140405487171328
Perform:140405487171328
Get Status:140405487171328
Get Status:140405487171328
Global Init:140737350117248
Create Thread:140737293317888
Set Server:140737293317888
Set Path:140737293317888
Set Port:140737293317888
Set Write Func:140737293317888
Set Write Arg:140737293317888
Perform:140737293317888
Get Status:140737293317888
Get Status:140737293317888
