Create Thread:140376905037696
Create Thread:140372941834112
Create Thread:139739673610112
Create Thread:139814250252160
Create Thread:140361835128704
Create Thread:139846262032256
Set Port:139846262032256
Set Max Pending:139846262032256
Set Handler Thread:139846262032256
Set Handler Arg:139846262032256
Serve:139846262032256
Handler Get:139846262032256
Create Thread:140347007690624
Set Port:140347007690624
Set Max Pending:140347007690624
Set Handler Thread:140347007690624
Set Handler Arg:140347007690624
Serve:140347007690624
Create Thread:139947198437248
Set Port:139947198437248
Set Max Pending:139947198437248
Set Handler Thread:139947198437248
Set Handler Arg:139947198437248
Serve:139947198437248
Handler Get:139947198437248
Create Thread:140337413232512
Set Port:140337413232512
Set Max Pending:140337413232512
Set Handler Thread:140337413232512
Set Handler Arg:140337413232512
Serve:140337413232512
Handler Get:140337413232512
Create Thread:140125578778496
Set Port:140125578778496
Set Max Pending:140125578778496
Set Handler Thread:140125578778496
Set Handler Arg:140125578778496
Serve:140125578778496
Handler Get:140125578778496
Create Thread:140647397566336
Set Port:140647397566336
Set Max Pending:140647397566336
Set Handler Thread:140647397566336
Set Handler Arg:140647397566336
Serve:140647397566336
Create Thread:139813904787328
Set Port:139813904787328
Set Max Pending:139813904787328
Set Handler Thread:139813904787328
Set Handler Arg:139813904787328
Serve:139813904787328
Handler Get:139813904787328
Create Thread:140016294279040
Set Port:140016294279040
Set Max Pending:140016294279040
Set Handler Thread:140016294279040
Set Handler Arg:140016294279040
Serve:140016294279040
Handler Get:140016294279040
Create Thread:140737350117248
Set Port:140737350117248
Set Max Pending:140737350117248
Set Handler Thread:140737350117248
Set Handler Arg:140737350117248
Serve:140737350117248
